<?xml version="1.0" encoding="UTF-8"?>
<coverage generated="1727093255802" clover="3.2.0">
  <project timestamp="1727093255802" name="All files">
    <metrics statements="117" coveredstatements="115" conditionals="80" coveredconditionals="73" methods="13" coveredmethods="13" elements="210" coveredelements="201" complexity="0" loc="117" ncloc="117" packages="1" files="4" classes="4"/>
    <file name="enums.ts" path="/Users/viktorbartolic/Documents/Code-challenge/src/enums.ts">
      <metrics statements="0" coveredstatements="0" conditionals="0" coveredconditionals="0" methods="0" coveredmethods="0"/>
    </file>
    <file name="index.ts" path="/Users/viktorbartolic/Documents/Code-challenge/src/index.ts">
      <metrics statements="60" coveredstatements="59" conditionals="53" coveredconditionals="47" methods="3" coveredmethods="3"/>
      <line num="26" count="2" type="stmt"/>
      <line num="27" count="13" type="stmt"/>
      <line num="30" count="13" type="stmt"/>
      <line num="31" count="52" type="stmt"/>
      <line num="33" count="52" type="cond" truecount="2" falsecount="0"/>
      <line num="34" count="30" type="stmt"/>
      <line num="36" count="30" type="cond" truecount="4" falsecount="0"/>
      <line num="37" count="14" type="stmt"/>
      <line num="43" count="13" type="cond" truecount="2" falsecount="0"/>
      <line num="44" count="12" type="stmt"/>
      <line num="47" count="1" type="stmt"/>
      <line num="67" count="2" type="stmt"/>
      <line num="69" count="19" type="stmt"/>
      <line num="70" count="19" type="stmt"/>
      <line num="71" count="19" type="stmt"/>
      <line num="74" count="19" type="cond" truecount="5" falsecount="0"/>
      <line num="75" count="6" type="stmt"/>
      <line num="81" count="13" type="stmt"/>
      <line num="84" count="12" type="cond" truecount="1" falsecount="1"/>
      <line num="85" count="0" type="stmt"/>
      <line num="89" count="12" type="stmt"/>
      <line num="91" count="12" type="stmt"/>
      <line num="92" count="12" type="stmt"/>
      <line num="93" count="12" type="stmt"/>
      <line num="95" count="12" type="stmt"/>
      <line num="96" count="176" type="stmt"/>
      <line num="97" count="176" type="stmt"/>
      <line num="100" count="176" type="cond" truecount="4" falsecount="0"/>
      <line num="101" count="30" type="stmt"/>
      <line num="102" count="30" type="stmt"/>
      <line num="106" count="176" type="cond" truecount="4" falsecount="0"/>
      <line num="107" count="7" type="stmt"/>
      <line num="111" count="169" type="stmt"/>
      <line num="114" count="168" type="cond" truecount="2" falsecount="0"/>
      <line num="115" count="4" type="stmt"/>
      <line num="119" count="164" type="stmt"/>
      <line num="120" count="164" type="stmt"/>
      <line num="124" count="7" type="stmt"/>
      <line num="142" count="2" type="stmt"/>
      <line num="147" count="169" type="stmt"/>
      <line num="150" count="169" type="cond" truecount="2" falsecount="0"/>
      <line num="155" count="38" type="stmt"/>
      <line num="156" count="60" type="stmt"/>
      <line num="158" count="60" type="cond" truecount="2" falsecount="0"/>
      <line num="159" count="47" type="stmt"/>
      <line num="161" count="47" type="cond" truecount="2" falsecount="0"/>
      <line num="165" count="36" type="stmt"/>
      <line num="171" count="130" type="stmt"/>
      <line num="172" count="130" type="cond" truecount="2" falsecount="0"/>
      <line num="173" count="128" type="stmt"/>
      <line num="174" count="128" type="cond" truecount="4" falsecount="0"/>
      <line num="175" count="127" type="stmt"/>
      <line num="180" count="2" type="cond" truecount="2" falsecount="0"/>
      <line num="181" count="1" type="stmt"/>
      <line num="182" count="1" type="stmt"/>
      <line num="184" count="1" type="cond" truecount="1" falsecount="1"/>
      <line num="185" count="1" type="stmt"/>
      <line num="187" count="1" type="cond" truecount="1" falsecount="1"/>
      <line num="191" count="1" type="stmt"/>
      <line num="200" count="4" type="stmt"/>
    </file>
    <file name="maps.ts" path="/Users/viktorbartolic/Documents/Code-challenge/src/maps.ts">
      <metrics statements="15" coveredstatements="15" conditionals="0" coveredconditionals="0" methods="0" coveredmethods="0"/>
      <line num="1" count="1" type="stmt"/>
      <line num="9" count="1" type="stmt"/>
      <line num="19" count="1" type="stmt"/>
      <line num="27" count="1" type="stmt"/>
      <line num="38" count="1" type="stmt"/>
      <line num="45" count="1" type="stmt"/>
      <line num="51" count="1" type="stmt"/>
      <line num="59" count="1" type="stmt"/>
      <line num="67" count="1" type="stmt"/>
      <line num="75" count="1" type="stmt"/>
      <line num="83" count="1" type="stmt"/>
      <line num="91" count="1" type="stmt"/>
      <line num="101" count="1" type="stmt"/>
      <line num="108" count="1" type="stmt"/>
      <line num="110" count="1" type="stmt"/>
    </file>
    <file name="utils.ts" path="/Users/viktorbartolic/Documents/Code-challenge/src/utils.ts">
      <metrics statements="42" coveredstatements="41" conditionals="27" coveredconditionals="26" methods="10" coveredmethods="10"/>
      <line num="16" count="2" type="stmt"/>
      <line num="41" count="2" type="stmt"/>
      <line num="42" count="78" type="stmt"/>
      <line num="44" count="312" type="cond" truecount="2" falsecount="0"/>
      <line num="45" count="188" type="stmt"/>
      <line num="48" count="124" type="stmt"/>
      <line num="65" count="2" type="stmt"/>
      <line num="67" count="40" type="stmt"/>
      <line num="69" count="93" type="stmt"/>
      <line num="71" count="594" type="cond" truecount="2" falsecount="0"/>
      <line num="72" count="37" type="stmt"/>
      <line num="77" count="3" type="stmt"/>
      <line num="93" count="2" type="stmt"/>
      <line num="94" count="323" type="stmt"/>
      <line num="112" count="2" type="stmt"/>
      <line num="113" count="271" type="stmt"/>
      <line num="134" count="2" type="stmt"/>
      <line num="135" count="255" type="stmt"/>
      <line num="153" count="2" type="stmt"/>
      <line num="155" count="39" type="cond" truecount="1" falsecount="1"/>
      <line num="156" count="0" type="stmt"/>
      <line num="159" count="39" type="stmt"/>
      <line num="162" count="39" type="stmt"/>
      <line num="163" count="78" type="stmt"/>
      <line num="169" count="78" type="cond" truecount="2" falsecount="0"/>
      <line num="170" count="60" type="stmt"/>
      <line num="172" count="60" type="cond" truecount="4" falsecount="0"/>
      <line num="173" count="38" type="stmt"/>
      <line num="179" count="39" type="cond" truecount="2" falsecount="0"/>
      <line num="180" count="1" type="stmt"/>
      <line num="183" count="38" type="stmt"/>
      <line num="196" count="2" type="stmt"/>
      <line num="197" count="52" type="cond" truecount="2" falsecount="0"/>
      <line num="210" count="2" type="stmt"/>
      <line num="212" count="21" type="stmt"/>
      <line num="215" count="21" type="stmt"/>
      <line num="217" count="79" type="stmt"/>
      <line num="219" count="631" type="cond" truecount="2" falsecount="0"/>
      <line num="221" count="25" type="cond" truecount="2" falsecount="0"/>
      <line num="222" count="5" type="stmt"/>
      <line num="225" count="20" type="stmt"/>
      <line num="232" count="16" type="stmt"/>
    </file>
  </project>
</coverage>
