{"/Users/viktorbartolic/Documents/Code-challenge/src/enums.ts": {"path":"/Users/viktorbartolic/Documents/Code-challenge/src/enums.ts","statementMap":{},"fnMap":{},"branchMap":{},"s":{},"f":{},"b":{},"_coverageSchema":"1a1c01bbd47fc00a2c39e90264f33305004495a9","hash":"15e28465d526600449596db77f4dacb1ae2f5479"}
,"/Users/viktorbartolic/Documents/Code-challenge/src/index.ts": {"path":"/Users/viktorbartolic/Documents/Code-challenge/src/index.ts","statementMap":{"0":{"start":{"line":26,"column":29},"end":{"line":49,"column":1}},"1":{"start":{"line":27,"column":41},"end":{"line":27,"column":43}},"2":{"start":{"line":30,"column":4},"end":{"line":40,"column":5}},"3":{"start":{"line":31,"column":34},"end":{"line":31,"column":50}},"4":{"start":{"line":33,"column":8},"end":{"line":39,"column":9}},"5":{"start":{"line":34,"column":29},"end":{"line":34,"column":79}},"6":{"start":{"line":36,"column":12},"end":{"line":38,"column":13}},"7":{"start":{"line":37,"column":16},"end":{"line":37,"column":42}},"8":{"start":{"line":43,"column":4},"end":{"line":48,"column":5}},"9":{"start":{"line":44,"column":8},"end":{"line":44,"column":34}},"10":{"start":{"line":47,"column":8},"end":{"line":47,"column":75}},"11":{"start":{"line":67,"column":37},"end":{"line":125,"column":1}},"12":{"start":{"line":69,"column":18},"end":{"line":69,"column":66}},"13":{"start":{"line":70,"column":16},"end":{"line":70,"column":62}},"14":{"start":{"line":71,"column":30},"end":{"line":71,"column":88}},"15":{"start":{"line":74,"column":4},"end":{"line":78,"column":5}},"16":{"start":{"line":75,"column":8},"end":{"line":77,"column":10}},"17":{"start":{"line":81,"column":38},"end":{"line":81,"column":71}},"18":{"start":{"line":84,"column":4},"end":{"line":86,"column":5}},"19":{"start":{"line":85,"column":8},"end":{"line":85,"column":61}},"20":{"start":{"line":89,"column":26},"end":{"line":89,"column":48}},"21":{"start":{"line":91,"column":27},"end":{"line":91,"column":57}},"22":{"start":{"line":92,"column":30},"end":{"line":92,"column":32}},"23":{"start":{"line":93,"column":33},"end":{"line":93,"column":35}},"24":{"start":{"line":95,"column":4},"end":{"line":121,"column":5}},"25":{"start":{"line":96,"column":28},"end":{"line":96,"column":74}},"26":{"start":{"line":97,"column":8},"end":{"line":97,"column":31}},"27":{"start":{"line":100,"column":8},"end":{"line":103,"column":9}},"28":{"start":{"line":101,"column":12},"end":{"line":101,"column":38}},"29":{"start":{"line":102,"column":12},"end":{"line":102,"column":43}},"30":{"start":{"line":106,"column":8},"end":{"line":108,"column":9}},"31":{"start":{"line":107,"column":12},"end":{"line":107,"column":18}},"32":{"start":{"line":111,"column":25},"end":{"line":111,"column":75}},"33":{"start":{"line":114,"column":8},"end":{"line":116,"column":9}},"34":{"start":{"line":115,"column":12},"end":{"line":115,"column":58}},"35":{"start":{"line":119,"column":8},"end":{"line":119,"column":48}},"36":{"start":{"line":120,"column":8},"end":{"line":120,"column":42}},"37":{"start":{"line":124,"column":4},"end":{"line":124,"column":62}},"38":{"start":{"line":142,"column":25},"end":{"line":201,"column":1}},"39":{"start":{"line":147,"column":24},"end":{"line":147,"column":70}},"40":{"start":{"line":150,"column":4},"end":{"line":197,"column":5}},"41":{"start":{"line":155,"column":8},"end":{"line":168,"column":9}},"42":{"start":{"line":156,"column":38},"end":{"line":156,"column":64}},"43":{"start":{"line":158,"column":12},"end":{"line":167,"column":13}},"44":{"start":{"line":159,"column":33},"end":{"line":159,"column":83}},"45":{"start":{"line":161,"column":16},"end":{"line":166,"column":17}},"46":{"start":{"line":165,"column":20},"end":{"line":165,"column":82}},"47":{"start":{"line":171,"column":34},"end":{"line":171,"column":73}},"48":{"start":{"line":172,"column":8},"end":{"line":196,"column":9}},"49":{"start":{"line":173,"column":29},"end":{"line":173,"column":79}},"50":{"start":{"line":174,"column":12},"end":{"line":176,"column":13}},"51":{"start":{"line":175,"column":16},"end":{"line":175,"column":91}},"52":{"start":{"line":180,"column":12},"end":{"line":195,"column":13}},"53":{"start":{"line":181,"column":16},"end":{"line":194,"column":17}},"54":{"start":{"line":182,"column":46},"end":{"line":182,"column":72}},"55":{"start":{"line":184,"column":20},"end":{"line":193,"column":21}},"56":{"start":{"line":185,"column":41},"end":{"line":185,"column":91}},"57":{"start":{"line":187,"column":24},"end":{"line":192,"column":25}},"58":{"start":{"line":191,"column":28},"end":{"line":191,"column":90}},"59":{"start":{"line":200,"column":4},"end":{"line":200,"column":16}}},"fnMap":{"0":{"name":"(anonymous_0)","decl":{"start":{"line":26,"column":29},"end":{"line":26,"column":30}},"loc":{"start":{"line":26,"column":86},"end":{"line":49,"column":1}},"line":26},"1":{"name":"(anonymous_1)","decl":{"start":{"line":67,"column":37},"end":{"line":67,"column":38}},"loc":{"start":{"line":67,"column":94},"end":{"line":125,"column":1}},"line":67},"2":{"name":"(anonymous_2)","decl":{"start":{"line":142,"column":25},"end":{"line":142,"column":26}},"loc":{"start":{"line":146,"column":65},"end":{"line":201,"column":1}},"line":146}},"branchMap":{"0":{"loc":{"start":{"line":33,"column":8},"end":{"line":39,"column":9}},"type":"if","locations":[{"start":{"line":33,"column":8},"end":{"line":39,"column":9}},{"start":{},"end":{}}],"line":33},"1":{"loc":{"start":{"line":36,"column":12},"end":{"line":38,"column":13}},"type":"if","locations":[{"start":{"line":36,"column":12},"end":{"line":38,"column":13}},{"start":{},"end":{}}],"line":36},"2":{"loc":{"start":{"line":36,"column":16},"end":{"line":36,"column":68}},"type":"binary-expr","locations":[{"start":{"line":36,"column":16},"end":{"line":36,"column":41}},{"start":{"line":36,"column":45},"end":{"line":36,"column":68}}],"line":36},"3":{"loc":{"start":{"line":43,"column":4},"end":{"line":48,"column":5}},"type":"if","locations":[{"start":{"line":43,"column":4},"end":{"line":48,"column":5}},{"start":{"line":45,"column":11},"end":{"line":48,"column":5}}],"line":43},"4":{"loc":{"start":{"line":74,"column":4},"end":{"line":78,"column":5}},"type":"if","locations":[{"start":{"line":74,"column":4},"end":{"line":78,"column":5}},{"start":{},"end":{}}],"line":74},"5":{"loc":{"start":{"line":74,"column":8},"end":{"line":74,"column":43}},"type":"binary-expr","locations":[{"start":{"line":74,"column":8},"end":{"line":74,"column":14}},{"start":{"line":74,"column":18},"end":{"line":74,"column":22}},{"start":{"line":74,"column":26},"end":{"line":74,"column":43}}],"line":74},"6":{"loc":{"start":{"line":84,"column":4},"end":{"line":86,"column":5}},"type":"if","locations":[{"start":{"line":84,"column":4},"end":{"line":86,"column":5}},{"start":{},"end":{}}],"line":84},"7":{"loc":{"start":{"line":100,"column":8},"end":{"line":103,"column":9}},"type":"if","locations":[{"start":{"line":100,"column":8},"end":{"line":103,"column":9}},{"start":{},"end":{}}],"line":100},"8":{"loc":{"start":{"line":100,"column":12},"end":{"line":100,"column":90}},"type":"binary-expr","locations":[{"start":{"line":100,"column":12},"end":{"line":100,"column":37}},{"start":{"line":100,"column":41},"end":{"line":100,"column":90}}],"line":100},"9":{"loc":{"start":{"line":106,"column":8},"end":{"line":108,"column":9}},"type":"if","locations":[{"start":{"line":106,"column":8},"end":{"line":108,"column":9}},{"start":{},"end":{}}],"line":106},"10":{"loc":{"start":{"line":106,"column":12},"end":{"line":106,"column":78}},"type":"binary-expr","locations":[{"start":{"line":106,"column":12},"end":{"line":106,"column":43}},{"start":{"line":106,"column":47},"end":{"line":106,"column":78}}],"line":106},"11":{"loc":{"start":{"line":114,"column":8},"end":{"line":116,"column":9}},"type":"if","locations":[{"start":{"line":114,"column":8},"end":{"line":116,"column":9}},{"start":{},"end":{}}],"line":114},"12":{"loc":{"start":{"line":150,"column":4},"end":{"line":197,"column":5}},"type":"if","locations":[{"start":{"line":150,"column":4},"end":{"line":197,"column":5}},{"start":{"line":169,"column":11},"end":{"line":197,"column":5}}],"line":150},"13":{"loc":{"start":{"line":151,"column":8},"end":{"line":152,"column":70}},"type":"binary-expr","locations":[{"start":{"line":151,"column":8},"end":{"line":151,"column":60}},{"start":{"line":152,"column":8},"end":{"line":152,"column":70}}],"line":151},"14":{"loc":{"start":{"line":158,"column":12},"end":{"line":167,"column":13}},"type":"if","locations":[{"start":{"line":158,"column":12},"end":{"line":167,"column":13}},{"start":{},"end":{}}],"line":158},"15":{"loc":{"start":{"line":161,"column":16},"end":{"line":166,"column":17}},"type":"if","locations":[{"start":{"line":161,"column":16},"end":{"line":166,"column":17}},{"start":{},"end":{}}],"line":161},"16":{"loc":{"start":{"line":162,"column":20},"end":{"line":163,"column":74}},"type":"binary-expr","locations":[{"start":{"line":162,"column":21},"end":{"line":162,"column":54}},{"start":{"line":162,"column":58},"end":{"line":162,"column":91}},{"start":{"line":163,"column":21},"end":{"line":163,"column":46}},{"start":{"line":163,"column":50},"end":{"line":163,"column":73}}],"line":162},"17":{"loc":{"start":{"line":172,"column":8},"end":{"line":196,"column":9}},"type":"if","locations":[{"start":{"line":172,"column":8},"end":{"line":196,"column":9}},{"start":{"line":177,"column":15},"end":{"line":196,"column":9}}],"line":172},"18":{"loc":{"start":{"line":174,"column":12},"end":{"line":176,"column":13}},"type":"if","locations":[{"start":{"line":174,"column":12},"end":{"line":176,"column":13}},{"start":{},"end":{}}],"line":174},"19":{"loc":{"start":{"line":174,"column":16},"end":{"line":174,"column":68}},"type":"binary-expr","locations":[{"start":{"line":174,"column":16},"end":{"line":174,"column":41}},{"start":{"line":174,"column":45},"end":{"line":174,"column":68}}],"line":174},"20":{"loc":{"start":{"line":180,"column":12},"end":{"line":195,"column":13}},"type":"if","locations":[{"start":{"line":180,"column":12},"end":{"line":195,"column":13}},{"start":{},"end":{}}],"line":180},"21":{"loc":{"start":{"line":184,"column":20},"end":{"line":193,"column":21}},"type":"if","locations":[{"start":{"line":184,"column":20},"end":{"line":193,"column":21}},{"start":{},"end":{}}],"line":184},"22":{"loc":{"start":{"line":187,"column":24},"end":{"line":192,"column":25}},"type":"if","locations":[{"start":{"line":187,"column":24},"end":{"line":192,"column":25}},{"start":{},"end":{}}],"line":187},"23":{"loc":{"start":{"line":188,"column":28},"end":{"line":189,"column":82}},"type":"binary-expr","locations":[{"start":{"line":188,"column":29},"end":{"line":188,"column":62}},{"start":{"line":188,"column":66},"end":{"line":188,"column":99}},{"start":{"line":189,"column":29},"end":{"line":189,"column":54}},{"start":{"line":189,"column":58},"end":{"line":189,"column":81}}],"line":188}},"s":{"0":2,"1":13,"2":13,"3":52,"4":52,"5":30,"6":30,"7":14,"8":13,"9":12,"10":1,"11":2,"12":19,"13":19,"14":19,"15":19,"16":6,"17":13,"18":12,"19":0,"20":12,"21":12,"22":12,"23":12,"24":12,"25":176,"26":176,"27":176,"28":30,"29":30,"30":176,"31":7,"32":169,"33":168,"34":4,"35":164,"36":164,"37":7,"38":2,"39":169,"40":169,"41":38,"42":60,"43":60,"44":47,"45":47,"46":36,"47":130,"48":130,"49":128,"50":128,"51":127,"52":2,"53":1,"54":1,"55":1,"56":1,"57":1,"58":1,"59":4},"f":{"0":13,"1":19,"2":169},"b":{"0":[30,22],"1":[14,16],"2":[30,17],"3":[12,1],"4":[6,13],"5":[19,18,17],"6":[0,12],"7":[30,146],"8":[176,34],"9":[7,169],"10":[176,29],"11":[4,164],"12":[38,130],"13":[169,39],"14":[47,13],"15":[36,11],"16":[47,0,47,17],"17":[128,2],"18":[127,1],"19":[128,35],"20":[1,1],"21":[1,0],"22":[1,0],"23":[1,0,1,0]},"_coverageSchema":"1a1c01bbd47fc00a2c39e90264f33305004495a9","hash":"a801c9a276417bd8c938479028386af0641f618b"}
,"/Users/viktorbartolic/Documents/Code-challenge/src/maps.ts": {"path":"/Users/viktorbartolic/Documents/Code-challenge/src/maps.ts","statementMap":{"0":{"start":{"line":1,"column":31},"end":{"line":7,"column":1}},"1":{"start":{"line":9,"column":49},"end":{"line":17,"column":1}},"2":{"start":{"line":19,"column":43},"end":{"line":25,"column":1}},"3":{"start":{"line":27,"column":58},"end":{"line":36,"column":1}},"4":{"start":{"line":38,"column":50},"end":{"line":43,"column":1}},"5":{"start":{"line":45,"column":44},"end":{"line":49,"column":1}},"6":{"start":{"line":51,"column":40},"end":{"line":57,"column":1}},"7":{"start":{"line":59,"column":38},"end":{"line":65,"column":1}},"8":{"start":{"line":67,"column":33},"end":{"line":73,"column":1}},"9":{"start":{"line":75,"column":33},"end":{"line":81,"column":1}},"10":{"start":{"line":83,"column":33},"end":{"line":89,"column":1}},"11":{"start":{"line":91,"column":29},"end":{"line":99,"column":1}},"12":{"start":{"line":101,"column":29},"end":{"line":106,"column":1}},"13":{"start":{"line":108,"column":44},"end":{"line":108,"column":91}},"14":{"start":{"line":110,"column":27},"end":{"line":110,"column":74}}},"fnMap":{},"branchMap":{},"s":{"0":1,"1":1,"2":1,"3":1,"4":1,"5":1,"6":1,"7":1,"8":1,"9":1,"10":1,"11":1,"12":1,"13":1,"14":1},"f":{},"b":{},"_coverageSchema":"1a1c01bbd47fc00a2c39e90264f33305004495a9","hash":"0b76558ccf89443431c1f308ac9ee829ce2e8183"}
,"/Users/viktorbartolic/Documents/Code-challenge/src/utils.ts": {"path":"/Users/viktorbartolic/Documents/Code-challenge/src/utils.ts","statementMap":{"0":{"start":{"line":16,"column":39},"end":{"line":21,"column":1}},"1":{"start":{"line":41,"column":32},"end":{"line":50,"column":1}},"2":{"start":{"line":42,"column":4},"end":{"line":49,"column":7}},"3":{"start":{"line":44,"column":8},"end":{"line":46,"column":9}},"4":{"start":{"line":45,"column":12},"end":{"line":45,"column":39}},"5":{"start":{"line":48,"column":8},"end":{"line":48,"column":35}},"6":{"start":{"line":65,"column":28},"end":{"line":78,"column":1}},"7":{"start":{"line":67,"column":4},"end":{"line":75,"column":5}},"8":{"start":{"line":67,"column":19},"end":{"line":67,"column":20}},"9":{"start":{"line":69,"column":8},"end":{"line":74,"column":9}},"10":{"start":{"line":69,"column":23},"end":{"line":69,"column":24}},"11":{"start":{"line":71,"column":12},"end":{"line":73,"column":13}},"12":{"start":{"line":72,"column":16},"end":{"line":72,"column":36}},"13":{"start":{"line":77,"column":4},"end":{"line":77,"column":16}},"14":{"start":{"line":93,"column":30},"end":{"line":97,"column":1}},"15":{"start":{"line":94,"column":4},"end":{"line":96,"column":6}},"16":{"start":{"line":112,"column":31},"end":{"line":118,"column":1}},"17":{"start":{"line":113,"column":4},"end":{"line":117,"column":6}},"18":{"start":{"line":134,"column":20},"end":{"line":139,"column":1}},"19":{"start":{"line":135,"column":4},"end":{"line":138,"column":6}},"20":{"start":{"line":153,"column":37},"end":{"line":184,"column":1}},"21":{"start":{"line":155,"column":4},"end":{"line":157,"column":5}},"22":{"start":{"line":156,"column":8},"end":{"line":156,"column":21}},"23":{"start":{"line":159,"column":26},"end":{"line":159,"column":27}},"24":{"start":{"line":162,"column":4},"end":{"line":176,"column":5}},"25":{"start":{"line":163,"column":38},"end":{"line":166,"column":9}},"26":{"start":{"line":169,"column":8},"end":{"line":175,"column":9}},"27":{"start":{"line":170,"column":29},"end":{"line":170,"column":67}},"28":{"start":{"line":172,"column":12},"end":{"line":174,"column":13}},"29":{"start":{"line":173,"column":16},"end":{"line":173,"column":34}},"30":{"start":{"line":179,"column":4},"end":{"line":181,"column":5}},"31":{"start":{"line":180,"column":8},"end":{"line":180,"column":71}},"32":{"start":{"line":183,"column":4},"end":{"line":183,"column":16}},"33":{"start":{"line":196,"column":37},"end":{"line":198,"column":1}},"34":{"start":{"line":197,"column":4},"end":{"line":197,"column":108}},"35":{"start":{"line":197,"column":36},"end":{"line":197,"column":106}},"36":{"start":{"line":210,"column":38},"end":{"line":233,"column":1}},"37":{"start":{"line":212,"column":24},"end":{"line":212,"column":41}},"38":{"start":{"line":215,"column":4},"end":{"line":229,"column":5}},"39":{"start":{"line":215,"column":19},"end":{"line":215,"column":20}},"40":{"start":{"line":217,"column":8},"end":{"line":228,"column":9}},"41":{"start":{"line":217,"column":23},"end":{"line":217,"column":24}},"42":{"start":{"line":219,"column":12},"end":{"line":227,"column":13}},"43":{"start":{"line":221,"column":16},"end":{"line":226,"column":17}},"44":{"start":{"line":222,"column":20},"end":{"line":222,"column":32}},"45":{"start":{"line":225,"column":20},"end":{"line":225,"column":44}},"46":{"start":{"line":232,"column":4},"end":{"line":232,"column":17}}},"fnMap":{"0":{"name":"(anonymous_0)","decl":{"start":{"line":41,"column":32},"end":{"line":41,"column":33}},"loc":{"start":{"line":41,"column":78},"end":{"line":50,"column":1}},"line":41},"1":{"name":"(anonymous_1)","decl":{"start":{"line":42,"column":29},"end":{"line":42,"column":30}},"loc":{"start":{"line":42,"column":44},"end":{"line":49,"column":5}},"line":42},"2":{"name":"(anonymous_2)","decl":{"start":{"line":65,"column":28},"end":{"line":65,"column":29}},"loc":{"start":{"line":65,"column":81},"end":{"line":78,"column":1}},"line":65},"3":{"name":"(anonymous_3)","decl":{"start":{"line":93,"column":30},"end":{"line":93,"column":31}},"loc":{"start":{"line":93,"column":81},"end":{"line":97,"column":1}},"line":93},"4":{"name":"(anonymous_4)","decl":{"start":{"line":112,"column":31},"end":{"line":112,"column":32}},"loc":{"start":{"line":112,"column":58},"end":{"line":118,"column":1}},"line":112},"5":{"name":"(anonymous_5)","decl":{"start":{"line":134,"column":20},"end":{"line":134,"column":21}},"loc":{"start":{"line":134,"column":76},"end":{"line":139,"column":1}},"line":134},"6":{"name":"(anonymous_6)","decl":{"start":{"line":153,"column":37},"end":{"line":153,"column":38}},"loc":{"start":{"line":153,"column":117},"end":{"line":184,"column":1}},"line":153},"7":{"name":"(anonymous_7)","decl":{"start":{"line":196,"column":37},"end":{"line":196,"column":38}},"loc":{"start":{"line":196,"column":99},"end":{"line":198,"column":1}},"line":196},"8":{"name":"(anonymous_8)","decl":{"start":{"line":197,"column":25},"end":{"line":197,"column":26}},"loc":{"start":{"line":197,"column":36},"end":{"line":197,"column":106}},"line":197},"9":{"name":"(anonymous_9)","decl":{"start":{"line":210,"column":38},"end":{"line":210,"column":39}},"loc":{"start":{"line":210,"column":85},"end":{"line":233,"column":1}},"line":210}},"branchMap":{"0":{"loc":{"start":{"line":44,"column":8},"end":{"line":46,"column":9}},"type":"if","locations":[{"start":{"line":44,"column":8},"end":{"line":46,"column":9}},{"start":{},"end":{}}],"line":44},"1":{"loc":{"start":{"line":71,"column":12},"end":{"line":73,"column":13}},"type":"if","locations":[{"start":{"line":71,"column":12},"end":{"line":73,"column":13}},{"start":{},"end":{}}],"line":71},"2":{"loc":{"start":{"line":95,"column":8},"end":{"line":95,"column":120}},"type":"binary-expr","locations":[{"start":{"line":95,"column":8},"end":{"line":95,"column":25}},{"start":{"line":95,"column":29},"end":{"line":95,"column":55}},{"start":{"line":95,"column":59},"end":{"line":95,"column":76}},{"start":{"line":95,"column":80},"end":{"line":95,"column":120}}],"line":95},"3":{"loc":{"start":{"line":114,"column":8},"end":{"line":116,"column":53}},"type":"binary-expr","locations":[{"start":{"line":114,"column":8},"end":{"line":114,"column":42}},{"start":{"line":115,"column":8},"end":{"line":115,"column":45}},{"start":{"line":116,"column":8},"end":{"line":116,"column":53}}],"line":114},"4":{"loc":{"start":{"line":155,"column":4},"end":{"line":157,"column":5}},"type":"if","locations":[{"start":{"line":155,"column":4},"end":{"line":157,"column":5}},{"start":{},"end":{}}],"line":155},"5":{"loc":{"start":{"line":169,"column":8},"end":{"line":175,"column":9}},"type":"if","locations":[{"start":{"line":169,"column":8},"end":{"line":175,"column":9}},{"start":{},"end":{}}],"line":169},"6":{"loc":{"start":{"line":172,"column":12},"end":{"line":174,"column":13}},"type":"if","locations":[{"start":{"line":172,"column":12},"end":{"line":174,"column":13}},{"start":{},"end":{}}],"line":172},"7":{"loc":{"start":{"line":172,"column":16},"end":{"line":172,"column":68}},"type":"binary-expr","locations":[{"start":{"line":172,"column":16},"end":{"line":172,"column":41}},{"start":{"line":172,"column":45},"end":{"line":172,"column":68}}],"line":172},"8":{"loc":{"start":{"line":179,"column":4},"end":{"line":181,"column":5}},"type":"if","locations":[{"start":{"line":179,"column":4},"end":{"line":181,"column":5}},{"start":{},"end":{}}],"line":179},"9":{"loc":{"start":{"line":197,"column":36},"end":{"line":197,"column":106}},"type":"binary-expr","locations":[{"start":{"line":197,"column":36},"end":{"line":197,"column":69}},{"start":{"line":197,"column":73},"end":{"line":197,"column":106}}],"line":197},"10":{"loc":{"start":{"line":219,"column":12},"end":{"line":227,"column":13}},"type":"if","locations":[{"start":{"line":219,"column":12},"end":{"line":227,"column":13}},{"start":{},"end":{}}],"line":219},"11":{"loc":{"start":{"line":221,"column":16},"end":{"line":226,"column":17}},"type":"if","locations":[{"start":{"line":221,"column":16},"end":{"line":226,"column":17}},{"start":{"line":223,"column":23},"end":{"line":226,"column":17}}],"line":221}},"s":{"0":2,"1":2,"2":78,"3":312,"4":188,"5":124,"6":2,"7":40,"8":40,"9":93,"10":93,"11":594,"12":37,"13":3,"14":2,"15":323,"16":2,"17":271,"18":2,"19":255,"20":2,"21":39,"22":0,"23":39,"24":39,"25":78,"26":78,"27":60,"28":60,"29":38,"30":39,"31":1,"32":38,"33":2,"34":34,"35":52,"36":2,"37":21,"38":21,"39":21,"40":79,"41":79,"42":631,"43":25,"44":5,"45":20,"46":16},"f":{"0":78,"1":312,"2":40,"3":323,"4":271,"5":255,"6":39,"7":34,"8":52,"9":21},"b":{"0":[188,124],"1":[37,557],"2":[323,293,283,271],"3":[271,185,143],"4":[0,39],"5":[60,18],"6":[38,22],"7":[60,28],"8":[1,38],"9":[52,6],"10":[25,606],"11":[5,20]},"_coverageSchema":"1a1c01bbd47fc00a2c39e90264f33305004495a9","hash":"98f2d9e884cf45981910b54b623105eefd7a49f9"}
}
