TN:
SF:src/enums.ts
FNF:0
FNH:0
LF:0
LH:0
BRF:0
BRH:0
end_of_record
TN:
SF:src/index.ts
FN:26,(anonymous_0)
FN:67,(anonymous_1)
FN:142,(anonymous_2)
FNF:3
FNH:3
FNDA:13,(anonymous_0)
FNDA:19,(anonymous_1)
FNDA:169,(anonymous_2)
DA:26,2
DA:27,13
DA:30,13
DA:31,52
DA:33,52
DA:34,30
DA:36,30
DA:37,14
DA:43,13
DA:44,12
DA:47,1
DA:67,2
DA:69,19
DA:70,19
DA:71,19
DA:74,19
DA:75,6
DA:81,13
DA:84,12
DA:85,0
DA:89,12
DA:91,12
DA:92,12
DA:93,12
DA:95,12
DA:96,176
DA:97,176
DA:100,176
DA:101,30
DA:102,30
DA:106,176
DA:107,7
DA:111,169
DA:114,168
DA:115,4
DA:119,164
DA:120,164
DA:124,7
DA:142,2
DA:147,169
DA:150,169
DA:155,38
DA:156,60
DA:158,60
DA:159,47
DA:161,47
DA:165,36
DA:171,130
DA:172,130
DA:173,128
DA:174,128
DA:175,127
DA:180,2
DA:181,1
DA:182,1
DA:184,1
DA:185,1
DA:187,1
DA:191,1
DA:200,4
LF:60
LH:59
BRDA:33,0,0,30
BRDA:33,0,1,22
BRDA:36,1,0,14
BRDA:36,1,1,16
BRDA:36,2,0,30
BRDA:36,2,1,17
BRDA:43,3,0,12
BRDA:43,3,1,1
BRDA:74,4,0,6
BRDA:74,4,1,13
BRDA:74,5,0,19
BRDA:74,5,1,18
BRDA:74,5,2,17
BRDA:84,6,0,0
BRDA:84,6,1,12
BRDA:100,7,0,30
BRDA:100,7,1,146
BRDA:100,8,0,176
BRDA:100,8,1,34
BRDA:106,9,0,7
BRDA:106,9,1,169
BRDA:106,10,0,176
BRDA:106,10,1,29
BRDA:114,11,0,4
BRDA:114,11,1,164
BRDA:150,12,0,38
BRDA:150,12,1,130
BRDA:151,13,0,169
BRDA:151,13,1,39
BRDA:158,14,0,47
BRDA:158,14,1,13
BRDA:161,15,0,36
BRDA:161,15,1,11
BRDA:162,16,0,47
BRDA:162,16,1,0
BRDA:162,16,2,47
BRDA:162,16,3,17
BRDA:172,17,0,128
BRDA:172,17,1,2
BRDA:174,18,0,127
BRDA:174,18,1,1
BRDA:174,19,0,128
BRDA:174,19,1,35
BRDA:180,20,0,1
BRDA:180,20,1,1
BRDA:184,21,0,1
BRDA:184,21,1,0
BRDA:187,22,0,1
BRDA:187,22,1,0
BRDA:188,23,0,1
BRDA:188,23,1,0
BRDA:188,23,2,1
BRDA:188,23,3,0
BRF:53
BRH:47
end_of_record
TN:
SF:src/maps.ts
FNF:0
FNH:0
DA:1,1
DA:9,1
DA:19,1
DA:27,1
DA:38,1
DA:45,1
DA:51,1
DA:59,1
DA:67,1
DA:75,1
DA:83,1
DA:91,1
DA:101,1
DA:108,1
DA:110,1
LF:15
LH:15
BRF:0
BRH:0
end_of_record
TN:
SF:src/utils.ts
FN:41,(anonymous_0)
FN:42,(anonymous_1)
FN:65,(anonymous_2)
FN:93,(anonymous_3)
FN:112,(anonymous_4)
FN:134,(anonymous_5)
FN:153,(anonymous_6)
FN:196,(anonymous_7)
FN:197,(anonymous_8)
FN:210,(anonymous_9)
FNF:10
FNH:10
FNDA:78,(anonymous_0)
FNDA:312,(anonymous_1)
FNDA:40,(anonymous_2)
FNDA:323,(anonymous_3)
FNDA:271,(anonymous_4)
FNDA:255,(anonymous_5)
FNDA:39,(anonymous_6)
FNDA:34,(anonymous_7)
FNDA:52,(anonymous_8)
FNDA:21,(anonymous_9)
DA:16,2
DA:41,2
DA:42,78
DA:44,312
DA:45,188
DA:48,124
DA:65,2
DA:67,40
DA:69,93
DA:71,594
DA:72,37
DA:77,3
DA:93,2
DA:94,323
DA:112,2
DA:113,271
DA:134,2
DA:135,255
DA:153,2
DA:155,39
DA:156,0
DA:159,39
DA:162,39
DA:163,78
DA:169,78
DA:170,60
DA:172,60
DA:173,38
DA:179,39
DA:180,1
DA:183,38
DA:196,2
DA:197,52
DA:210,2
DA:212,21
DA:215,21
DA:217,79
DA:219,631
DA:221,25
DA:222,5
DA:225,20
DA:232,16
LF:42
LH:41
BRDA:44,0,0,188
BRDA:44,0,1,124
BRDA:71,1,0,37
BRDA:71,1,1,557
BRDA:95,2,0,323
BRDA:95,2,1,293
BRDA:95,2,2,283
BRDA:95,2,3,271
BRDA:114,3,0,271
BRDA:114,3,1,185
BRDA:114,3,2,143
BRDA:155,4,0,0
BRDA:155,4,1,39
BRDA:169,5,0,60
BRDA:169,5,1,18
BRDA:172,6,0,38
BRDA:172,6,1,22
BRDA:172,7,0,60
BRDA:172,7,1,28
BRDA:179,8,0,1
BRDA:179,8,1,38
BRDA:197,9,0,52
BRDA:197,9,1,6
BRDA:219,10,0,25
BRDA:219,10,1,606
BRDA:221,11,0,5
BRDA:221,11,1,20
BRF:27
BRH:26
end_of_record
